<?xml version="1.0" encoding="UTF-8"?>
<testsuite xmlns:xsi="http://www.w3.org/2001/XMLSchema-instance" xsi:noNamespaceSchemaLocation="https://maven.apache.org/surefire/maven-surefire-plugin/xsd/surefire-test-report-3.0.xsd" version="3.0" name="com.example.AccessibilityTest" time="19.564" tests="1" errors="0" skipped="0" failures="1">
  <properties>
    <property name="java.specification.version" value="17"/>
    <property name="sun.cpu.isalist" value="amd64"/>
    <property name="sun.jnu.encoding" value="MS950"/>
    <property name="java.class.path" value="D:\vscode-projects\access\scrapdemo\target\test-classes;D:\vscode-projects\access\scrapdemo\target\classes;C:\Users\User\.m2\repository\org\springframework\boot\spring-boot-starter-web\2.5.7\spring-boot-starter-web-2.5.7.jar;C:\Users\User\.m2\repository\org\springframework\boot\spring-boot-starter\1.2.7.RELEASE\spring-boot-starter-1.2.7.RELEASE.jar;C:\Users\User\.m2\repository\org\springframework\boot\spring-boot\1.2.7.RELEASE\spring-boot-1.2.7.RELEASE.jar;C:\Users\User\.m2\repository\org\springframework\boot\spring-boot-autoconfigure\1.2.7.RELEASE\spring-boot-autoconfigure-1.2.7.RELEASE.jar;C:\Users\User\.m2\repository\org\springframework\boot\spring-boot-starter-logging\1.2.7.RELEASE\spring-boot-starter-logging-1.2.7.RELEASE.jar;C:\Users\User\.m2\repository\org\slf4j\jcl-over-slf4j\1.7.12\jcl-over-slf4j-1.7.12.jar;C:\Users\User\.m2\repository\org\slf4j\slf4j-api\1.7.12\slf4j-api-1.7.12.jar;C:\Users\User\.m2\repository\org\slf4j\jul-to-slf4j\1.7.12\jul-to-slf4j-1.7.12.jar;C:\Users\User\.m2\repository\org\slf4j\log4j-over-slf4j\1.7.12\log4j-over-slf4j-1.7.12.jar;C:\Users\User\.m2\repository\ch\qos\logback\logback-classic\1.1.3\logback-classic-1.1.3.jar;C:\Users\User\.m2\repository\ch\qos\logback\logback-core\1.1.3\logback-core-1.1.3.jar;C:\Users\User\.m2\repository\org\yaml\snakeyaml\1.14\snakeyaml-1.14.jar;C:\Users\User\.m2\repository\org\springframework\boot\spring-boot-starter-json\2.5.7\spring-boot-starter-json-2.5.7.jar;C:\Users\User\.m2\repository\com\fasterxml\jackson\core\jackson-databind\2.4.6\jackson-databind-2.4.6.jar;C:\Users\User\.m2\repository\com\fasterxml\jackson\core\jackson-annotations\2.4.6\jackson-annotations-2.4.6.jar;C:\Users\User\.m2\repository\com\fasterxml\jackson\core\jackson-core\2.4.6\jackson-core-2.4.6.jar;C:\Users\User\.m2\repository\com\fasterxml\jackson\datatype\jackson-datatype-jdk8\2.4.6\jackson-datatype-jdk8-2.4.6.jar;C:\Users\User\.m2\repository\com\fasterxml\jackson\datatype\jackson-datatype-jsr310\2.4.6\jackson-datatype-jsr310-2.4.6.jar;C:\Users\User\.m2\repository\com\fasterxml\jackson\module\jackson-module-parameter-names\2.12.5\jackson-module-parameter-names-2.12.5.jar;C:\Users\User\.m2\repository\org\springframework\boot\spring-boot-starter-tomcat\1.2.7.RELEASE\spring-boot-starter-tomcat-1.2.7.RELEASE.jar;C:\Users\User\.m2\repository\org\apache\tomcat\embed\tomcat-embed-core\8.0.28\tomcat-embed-core-8.0.28.jar;C:\Users\User\.m2\repository\org\apache\tomcat\embed\tomcat-embed-el\8.0.28\tomcat-embed-el-8.0.28.jar;C:\Users\User\.m2\repository\org\apache\tomcat\embed\tomcat-embed-logging-juli\8.0.28\tomcat-embed-logging-juli-8.0.28.jar;C:\Users\User\.m2\repository\org\apache\tomcat\embed\tomcat-embed-websocket\8.0.28\tomcat-embed-websocket-8.0.28.jar;C:\Users\User\.m2\repository\org\springframework\spring-web\4.1.8.RELEASE\spring-web-4.1.8.RELEASE.jar;C:\Users\User\.m2\repository\org\springframework\spring-aop\4.1.8.RELEASE\spring-aop-4.1.8.RELEASE.jar;C:\Users\User\.m2\repository\aopalliance\aopalliance\1.0\aopalliance-1.0.jar;C:\Users\User\.m2\repository\org\springframework\spring-beans\4.1.8.RELEASE\spring-beans-4.1.8.RELEASE.jar;C:\Users\User\.m2\repository\org\springframework\spring-context\4.1.8.RELEASE\spring-context-4.1.8.RELEASE.jar;C:\Users\User\.m2\repository\org\springframework\spring-webmvc\4.1.8.RELEASE\spring-webmvc-4.1.8.RELEASE.jar;C:\Users\User\.m2\repository\org\springframework\spring-expression\4.1.8.RELEASE\spring-expression-4.1.8.RELEASE.jar;C:\Users\User\.m2\repository\org\springframework\boot\spring-boot-starter-jdbc\1.2.7.RELEASE\spring-boot-starter-jdbc-1.2.7.RELEASE.jar;C:\Users\User\.m2\repository\org\springframework\spring-core\4.1.8.RELEASE\spring-core-4.1.8.RELEASE.jar;C:\Users\User\.m2\repository\org\springframework\spring-jdbc\4.1.8.RELEASE\spring-jdbc-4.1.8.RELEASE.jar;C:\Users\User\.m2\repository\org\apache\tomcat\tomcat-jdbc\8.0.28\tomcat-jdbc-8.0.28.jar;C:\Users\User\.m2\repository\org\apache\tomcat\tomcat-juli\8.0.28\tomcat-juli-8.0.28.jar;C:\Users\User\.m2\repository\org\springframework\spring-tx\4.1.8.RELEASE\spring-tx-4.1.8.RELEASE.jar;C:\Users\User\.m2\repository\com\h2database\h2\2.1.214\h2-2.1.214.jar;C:\Users\User\.m2\repository\org\projectlombok\lombok\1.18.24\lombok-1.18.24.jar;C:\Users\User\.m2\repository\org\bgee\log4jdbc-log4j2\log4jdbc-log4j2-jdbc4.1\1.16\log4jdbc-log4j2-jdbc4.1-1.16.jar;C:\Users\User\.m2\repository\org\springframework\boot\spring-boot-starter-test\1.2.7.RELEASE\spring-boot-starter-test-1.2.7.RELEASE.jar;C:\Users\User\.m2\repository\org\mockito\mockito-core\1.10.19\mockito-core-1.10.19.jar;C:\Users\User\.m2\repository\org\objenesis\objenesis\2.1\objenesis-2.1.jar;C:\Users\User\.m2\repository\org\hamcrest\hamcrest-core\1.3\hamcrest-core-1.3.jar;C:\Users\User\.m2\repository\org\hamcrest\hamcrest-library\1.3\hamcrest-library-1.3.jar;C:\Users\User\.m2\repository\org\springframework\spring-test\4.1.8.RELEASE\spring-test-4.1.8.RELEASE.jar;C:\Users\User\.m2\repository\com\jayway\restassured\rest-assured\2.3.3\rest-assured-2.3.3.jar;C:\Users\User\.m2\repository\org\codehaus\groovy\groovy\2.4.4\groovy-2.4.4.jar;C:\Users\User\.m2\repository\org\codehaus\groovy\groovy-xml\2.4.4\groovy-xml-2.4.4.jar;C:\Users\User\.m2\repository\org\apache\httpcomponents\httpclient\4.3.6\httpclient-4.3.6.jar;C:\Users\User\.m2\repository\org\apache\httpcomponents\httpcore\4.3.3\httpcore-4.3.3.jar;C:\Users\User\.m2\repository\commons-codec\commons-codec\1.6\commons-codec-1.6.jar;C:\Users\User\.m2\repository\org\apache\httpcomponents\httpmime\4.3.6\httpmime-4.3.6.jar;C:\Users\User\.m2\repository\org\ccil\cowan\tagsoup\tagsoup\1.2.1\tagsoup-1.2.1.jar;C:\Users\User\.m2\repository\com\jayway\restassured\json-path\2.3.3\json-path-2.3.3.jar;C:\Users\User\.m2\repository\org\codehaus\groovy\groovy-json\2.4.4\groovy-json-2.4.4.jar;C:\Users\User\.m2\repository\com\jayway\restassured\rest-assured-common\2.3.3\rest-assured-common-2.3.3.jar;C:\Users\User\.m2\repository\com\jayway\restassured\xml-path\2.3.3\xml-path-2.3.3.jar;C:\Users\User\.m2\repository\org\apache\commons\commons-lang3\3.3.2\commons-lang3-3.3.2.jar;C:\Users\User\.m2\repository\com\microsoft\playwright\playwright\1.48.0\playwright-1.48.0.jar;C:\Users\User\.m2\repository\com\google\code\gson\gson\2.3.1\gson-2.3.1.jar;C:\Users\User\.m2\repository\org\opentest4j\opentest4j\1.3.0\opentest4j-1.3.0.jar;C:\Users\User\.m2\repository\com\microsoft\playwright\driver\1.48.0\driver-1.48.0.jar;C:\Users\User\.m2\repository\com\microsoft\playwright\driver-bundle\1.48.0\driver-bundle-1.48.0.jar;C:\Users\User\.m2\repository\junit\junit\4.11\junit-4.11.jar;C:\Users\User\.m2\repository\org\junit\jupiter\junit-jupiter-engine\5.8.1\junit-jupiter-engine-5.8.1.jar;C:\Users\User\.m2\repository\org\junit\platform\junit-platform-engine\1.8.1\junit-platform-engine-1.8.1.jar;C:\Users\User\.m2\repository\org\junit\platform\junit-platform-commons\1.8.1\junit-platform-commons-1.8.1.jar;C:\Users\User\.m2\repository\org\junit\jupiter\junit-jupiter-api\5.8.1\junit-jupiter-api-5.8.1.jar;C:\Users\User\.m2\repository\org\apiguardian\apiguardian-api\1.1.2\apiguardian-api-1.1.2.jar;"/>
    <property name="java.vm.vendor" value="OpenLogic"/>
    <property name="sun.arch.data.model" value="64"/>
    <property name="user.variant" value=""/>
    <property name="java.vendor.url" value="https://openlogic.com/"/>
    <property name="user.timezone" value="Asia/Taipei"/>
    <property name="os.name" value="Windows 11"/>
    <property name="java.vm.specification.version" value="17"/>
    <property name="sun.java.launcher" value="SUN_STANDARD"/>
    <property name="user.country" value="TW"/>
    <property name="sun.boot.library.path" value="C:\Program Files\OpenLogic\jdk-17.0.10.7-hotspot\bin"/>
    <property name="sun.java.command" value="C:\Users\User\AppData\Local\Temp\surefire1116626129865518333\surefirebooter-20241111141951271_3.jar C:\Users\User\AppData\Local\Temp\surefire1116626129865518333 2024-11-11T14-19-50_834-jvmRun1 surefire-20241111141951271_1tmp surefire_0-20241111141951271_2tmp"/>
    <property name="jdk.debug" value="release"/>
    <property name="surefire.test.class.path" value="D:\vscode-projects\access\scrapdemo\target\test-classes;D:\vscode-projects\access\scrapdemo\target\classes;C:\Users\User\.m2\repository\org\springframework\boot\spring-boot-starter-web\2.5.7\spring-boot-starter-web-2.5.7.jar;C:\Users\User\.m2\repository\org\springframework\boot\spring-boot-starter\1.2.7.RELEASE\spring-boot-starter-1.2.7.RELEASE.jar;C:\Users\User\.m2\repository\org\springframework\boot\spring-boot\1.2.7.RELEASE\spring-boot-1.2.7.RELEASE.jar;C:\Users\User\.m2\repository\org\springframework\boot\spring-boot-autoconfigure\1.2.7.RELEASE\spring-boot-autoconfigure-1.2.7.RELEASE.jar;C:\Users\User\.m2\repository\org\springframework\boot\spring-boot-starter-logging\1.2.7.RELEASE\spring-boot-starter-logging-1.2.7.RELEASE.jar;C:\Users\User\.m2\repository\org\slf4j\jcl-over-slf4j\1.7.12\jcl-over-slf4j-1.7.12.jar;C:\Users\User\.m2\repository\org\slf4j\slf4j-api\1.7.12\slf4j-api-1.7.12.jar;C:\Users\User\.m2\repository\org\slf4j\jul-to-slf4j\1.7.12\jul-to-slf4j-1.7.12.jar;C:\Users\User\.m2\repository\org\slf4j\log4j-over-slf4j\1.7.12\log4j-over-slf4j-1.7.12.jar;C:\Users\User\.m2\repository\ch\qos\logback\logback-classic\1.1.3\logback-classic-1.1.3.jar;C:\Users\User\.m2\repository\ch\qos\logback\logback-core\1.1.3\logback-core-1.1.3.jar;C:\Users\User\.m2\repository\org\yaml\snakeyaml\1.14\snakeyaml-1.14.jar;C:\Users\User\.m2\repository\org\springframework\boot\spring-boot-starter-json\2.5.7\spring-boot-starter-json-2.5.7.jar;C:\Users\User\.m2\repository\com\fasterxml\jackson\core\jackson-databind\2.4.6\jackson-databind-2.4.6.jar;C:\Users\User\.m2\repository\com\fasterxml\jackson\core\jackson-annotations\2.4.6\jackson-annotations-2.4.6.jar;C:\Users\User\.m2\repository\com\fasterxml\jackson\core\jackson-core\2.4.6\jackson-core-2.4.6.jar;C:\Users\User\.m2\repository\com\fasterxml\jackson\datatype\jackson-datatype-jdk8\2.4.6\jackson-datatype-jdk8-2.4.6.jar;C:\Users\User\.m2\repository\com\fasterxml\jackson\datatype\jackson-datatype-jsr310\2.4.6\jackson-datatype-jsr310-2.4.6.jar;C:\Users\User\.m2\repository\com\fasterxml\jackson\module\jackson-module-parameter-names\2.12.5\jackson-module-parameter-names-2.12.5.jar;C:\Users\User\.m2\repository\org\springframework\boot\spring-boot-starter-tomcat\1.2.7.RELEASE\spring-boot-starter-tomcat-1.2.7.RELEASE.jar;C:\Users\User\.m2\repository\org\apache\tomcat\embed\tomcat-embed-core\8.0.28\tomcat-embed-core-8.0.28.jar;C:\Users\User\.m2\repository\org\apache\tomcat\embed\tomcat-embed-el\8.0.28\tomcat-embed-el-8.0.28.jar;C:\Users\User\.m2\repository\org\apache\tomcat\embed\tomcat-embed-logging-juli\8.0.28\tomcat-embed-logging-juli-8.0.28.jar;C:\Users\User\.m2\repository\org\apache\tomcat\embed\tomcat-embed-websocket\8.0.28\tomcat-embed-websocket-8.0.28.jar;C:\Users\User\.m2\repository\org\springframework\spring-web\4.1.8.RELEASE\spring-web-4.1.8.RELEASE.jar;C:\Users\User\.m2\repository\org\springframework\spring-aop\4.1.8.RELEASE\spring-aop-4.1.8.RELEASE.jar;C:\Users\User\.m2\repository\aopalliance\aopalliance\1.0\aopalliance-1.0.jar;C:\Users\User\.m2\repository\org\springframework\spring-beans\4.1.8.RELEASE\spring-beans-4.1.8.RELEASE.jar;C:\Users\User\.m2\repository\org\springframework\spring-context\4.1.8.RELEASE\spring-context-4.1.8.RELEASE.jar;C:\Users\User\.m2\repository\org\springframework\spring-webmvc\4.1.8.RELEASE\spring-webmvc-4.1.8.RELEASE.jar;C:\Users\User\.m2\repository\org\springframework\spring-expression\4.1.8.RELEASE\spring-expression-4.1.8.RELEASE.jar;C:\Users\User\.m2\repository\org\springframework\boot\spring-boot-starter-jdbc\1.2.7.RELEASE\spring-boot-starter-jdbc-1.2.7.RELEASE.jar;C:\Users\User\.m2\repository\org\springframework\spring-core\4.1.8.RELEASE\spring-core-4.1.8.RELEASE.jar;C:\Users\User\.m2\repository\org\springframework\spring-jdbc\4.1.8.RELEASE\spring-jdbc-4.1.8.RELEASE.jar;C:\Users\User\.m2\repository\org\apache\tomcat\tomcat-jdbc\8.0.28\tomcat-jdbc-8.0.28.jar;C:\Users\User\.m2\repository\org\apache\tomcat\tomcat-juli\8.0.28\tomcat-juli-8.0.28.jar;C:\Users\User\.m2\repository\org\springframework\spring-tx\4.1.8.RELEASE\spring-tx-4.1.8.RELEASE.jar;C:\Users\User\.m2\repository\com\h2database\h2\2.1.214\h2-2.1.214.jar;C:\Users\User\.m2\repository\org\projectlombok\lombok\1.18.24\lombok-1.18.24.jar;C:\Users\User\.m2\repository\org\bgee\log4jdbc-log4j2\log4jdbc-log4j2-jdbc4.1\1.16\log4jdbc-log4j2-jdbc4.1-1.16.jar;C:\Users\User\.m2\repository\org\springframework\boot\spring-boot-starter-test\1.2.7.RELEASE\spring-boot-starter-test-1.2.7.RELEASE.jar;C:\Users\User\.m2\repository\org\mockito\mockito-core\1.10.19\mockito-core-1.10.19.jar;C:\Users\User\.m2\repository\org\objenesis\objenesis\2.1\objenesis-2.1.jar;C:\Users\User\.m2\repository\org\hamcrest\hamcrest-core\1.3\hamcrest-core-1.3.jar;C:\Users\User\.m2\repository\org\hamcrest\hamcrest-library\1.3\hamcrest-library-1.3.jar;C:\Users\User\.m2\repository\org\springframework\spring-test\4.1.8.RELEASE\spring-test-4.1.8.RELEASE.jar;C:\Users\User\.m2\repository\com\jayway\restassured\rest-assured\2.3.3\rest-assured-2.3.3.jar;C:\Users\User\.m2\repository\org\codehaus\groovy\groovy\2.4.4\groovy-2.4.4.jar;C:\Users\User\.m2\repository\org\codehaus\groovy\groovy-xml\2.4.4\groovy-xml-2.4.4.jar;C:\Users\User\.m2\repository\org\apache\httpcomponents\httpclient\4.3.6\httpclient-4.3.6.jar;C:\Users\User\.m2\repository\org\apache\httpcomponents\httpcore\4.3.3\httpcore-4.3.3.jar;C:\Users\User\.m2\repository\commons-codec\commons-codec\1.6\commons-codec-1.6.jar;C:\Users\User\.m2\repository\org\apache\httpcomponents\httpmime\4.3.6\httpmime-4.3.6.jar;C:\Users\User\.m2\repository\org\ccil\cowan\tagsoup\tagsoup\1.2.1\tagsoup-1.2.1.jar;C:\Users\User\.m2\repository\com\jayway\restassured\json-path\2.3.3\json-path-2.3.3.jar;C:\Users\User\.m2\repository\org\codehaus\groovy\groovy-json\2.4.4\groovy-json-2.4.4.jar;C:\Users\User\.m2\repository\com\jayway\restassured\rest-assured-common\2.3.3\rest-assured-common-2.3.3.jar;C:\Users\User\.m2\repository\com\jayway\restassured\xml-path\2.3.3\xml-path-2.3.3.jar;C:\Users\User\.m2\repository\org\apache\commons\commons-lang3\3.3.2\commons-lang3-3.3.2.jar;C:\Users\User\.m2\repository\com\microsoft\playwright\playwright\1.48.0\playwright-1.48.0.jar;C:\Users\User\.m2\repository\com\google\code\gson\gson\2.3.1\gson-2.3.1.jar;C:\Users\User\.m2\repository\org\opentest4j\opentest4j\1.3.0\opentest4j-1.3.0.jar;C:\Users\User\.m2\repository\com\microsoft\playwright\driver\1.48.0\driver-1.48.0.jar;C:\Users\User\.m2\repository\com\microsoft\playwright\driver-bundle\1.48.0\driver-bundle-1.48.0.jar;C:\Users\User\.m2\repository\junit\junit\4.11\junit-4.11.jar;C:\Users\User\.m2\repository\org\junit\jupiter\junit-jupiter-engine\5.8.1\junit-jupiter-engine-5.8.1.jar;C:\Users\User\.m2\repository\org\junit\platform\junit-platform-engine\1.8.1\junit-platform-engine-1.8.1.jar;C:\Users\User\.m2\repository\org\junit\platform\junit-platform-commons\1.8.1\junit-platform-commons-1.8.1.jar;C:\Users\User\.m2\repository\org\junit\jupiter\junit-jupiter-api\5.8.1\junit-jupiter-api-5.8.1.jar;C:\Users\User\.m2\repository\org\apiguardian\apiguardian-api\1.1.2\apiguardian-api-1.1.2.jar;"/>
    <property name="sun.cpu.endian" value="little"/>
    <property name="user.home" value="C:\Users\User"/>
    <property name="user.language" value="zh"/>
    <property name="java.specification.vendor" value="Oracle Corporation"/>
    <property name="java.version.date" value="2024-01-16"/>
    <property name="java.home" value="C:\Program Files\OpenLogic\jdk-17.0.10.7-hotspot"/>
    <property name="file.separator" value="\"/>
    <property name="basedir" value="D:\vscode-projects\access\scrapdemo"/>
    <property name="java.vm.compressedOopsMode" value="Zero based"/>
    <property name="line.separator" value="&#10;"/>
    <property name="java.vm.specification.vendor" value="Oracle Corporation"/>
    <property name="java.specification.name" value="Java Platform API Specification"/>
    <property name="surefire.real.class.path" value="C:\Users\User\AppData\Local\Temp\surefire1116626129865518333\surefirebooter-20241111141951271_3.jar"/>
    <property name="user.script" value=""/>
    <property name="sun.management.compiler" value="HotSpot 64-Bit Tiered Compilers"/>
    <property name="java.runtime.version" value="17.0.10+7-adhoc..jdk17u"/>
    <property name="user.name" value="User"/>
    <property name="path.separator" value=";"/>
    <property name="os.version" value="10.0"/>
    <property name="java.runtime.name" value="OpenJDK Runtime Environment"/>
    <property name="file.encoding" value="MS950"/>
    <property name="java.vm.name" value="OpenJDK 64-Bit Server VM"/>
    <property name="java.vendor.version" value="OpenLogic-OpenJDK"/>
    <property name="localRepository" value="C:\Users\User\.m2\repository"/>
    <property name="java.vendor.url.bug" value="https://techsupport.roguewave.com/"/>
    <property name="java.io.tmpdir" value="C:\Users\User\AppData\Local\Temp\"/>
    <property name="java.version" value="17.0.10"/>
    <property name="user.dir" value="D:\vscode-projects\access\scrapdemo"/>
    <property name="os.arch" value="amd64"/>
    <property name="java.vm.specification.name" value="Java Virtual Machine Specification"/>
    <property name="sun.os.patch.level" value=""/>
    <property name="native.encoding" value="MS950"/>
    <property name="java.library.path" value="C:\Program Files\OpenLogic\jdk-17.0.10.7-hotspot\bin;C:\WINDOWS\Sun\Java\bin;C:\WINDOWS\system32;C:\WINDOWS;C:\Python312\Scripts\;C:\Python312\;C:\Program Files\OpenLogic\jdk-17.0.10.7-hotspot\bin;C:\Program Files\Microsoft\jdk-11.0.21.9-hotspot\bin;C:\WINDOWS\system32;C:\WINDOWS;C:\WINDOWS\System32\Wbem;C:\WINDOWS\System32\WindowsPowerShell\v1.0\;C:\WINDOWS\System32\OpenSSH\;C:\Program Files (x86)\Bitvise SSH Client;C:\ProgramData\chocolatey\bin;C:\Program Files\Git\cmd;C:\Program Files\apache-maven-3.9.8\bin;;C:\Program Files\Docker\Docker\resources\bin;C:\Program Files\nodejs\;C:\Users\User\AppData\Local\Microsoft\WindowsApps;C:\Users\User\AppData\Local\Programs\Microsoft VS Code\bin;C:\Users\User\AppData\Roaming\npm;."/>
    <property name="java.vm.info" value="mixed mode, sharing"/>
    <property name="java.vendor" value="OpenLogic"/>
    <property name="java.vm.version" value="17.0.10+7-adhoc..jdk17u"/>
    <property name="sun.io.unicode.encoding" value="UnicodeLittle"/>
    <property name="java.class.version" value="61.0"/>
  </properties>
  <testcase name="testAccessibilityWebsite" classname="com.example.AccessibilityTest" time="13.172">
    <failure message="expected: &lt;true&gt; but was: &lt;false&gt;" type="org.opentest4j.AssertionFailedError"><![CDATA[org.opentest4j.AssertionFailedError: expected: <true> but was: <false>
	at org.junit.jupiter.api.AssertionUtils.fail(AssertionUtils.java:55)
	at org.junit.jupiter.api.AssertTrue.assertTrue(AssertTrue.java:40)
	at org.junit.jupiter.api.AssertTrue.assertTrue(AssertTrue.java:35)
	at org.junit.jupiter.api.Assertions.assertTrue(Assertions.java:179)
	at com.example.AccessibilityTest.testAccessibilityWebsite(AccessibilityTest.java:66)
	at java.base/jdk.internal.reflect.NativeMethodAccessorImpl.invoke0(Native Method)
	at java.base/jdk.internal.reflect.NativeMethodAccessorImpl.invoke(NativeMethodAccessorImpl.java:77)
	at java.base/jdk.internal.reflect.DelegatingMethodAccessorImpl.invoke(DelegatingMethodAccessorImpl.java:43)
	at java.base/java.lang.reflect.Method.invoke(Method.java:568)
	at org.junit.platform.commons.util.ReflectionUtils.invokeMethod(ReflectionUtils.java:725)
	at org.junit.jupiter.engine.execution.MethodInvocation.proceed(MethodInvocation.java:60)
	at org.junit.jupiter.engine.execution.InvocationInterceptorChain$ValidatingInvocation.proceed(InvocationInterceptorChain.java:131)
	at org.junit.jupiter.engine.extension.TimeoutExtension.intercept(TimeoutExtension.java:149)
	at org.junit.jupiter.engine.extension.TimeoutExtension.interceptTestableMethod(TimeoutExtension.java:140)
	at org.junit.jupiter.engine.extension.TimeoutExtension.interceptTestMethod(TimeoutExtension.java:84)
	at org.junit.jupiter.engine.execution.ExecutableInvoker$ReflectiveInterceptorCall.lambda$ofVoidMethod$0(ExecutableInvoker.java:115)
	at org.junit.jupiter.engine.execution.ExecutableInvoker.lambda$invoke$0(ExecutableInvoker.java:105)
	at org.junit.jupiter.engine.execution.InvocationInterceptorChain$InterceptedInvocation.proceed(InvocationInterceptorChain.java:106)
	at org.junit.jupiter.engine.execution.InvocationInterceptorChain.proceed(InvocationInterceptorChain.java:64)
	at org.junit.jupiter.engine.execution.InvocationInterceptorChain.chainAndInvoke(InvocationInterceptorChain.java:45)
	at org.junit.jupiter.engine.execution.InvocationInterceptorChain.invoke(InvocationInterceptorChain.java:37)
	at org.junit.jupiter.engine.execution.ExecutableInvoker.invoke(ExecutableInvoker.java:104)
	at org.junit.jupiter.engine.execution.ExecutableInvoker.invoke(ExecutableInvoker.java:98)
	at org.junit.jupiter.engine.descriptor.TestMethodTestDescriptor.lambda$invokeTestMethod$7(TestMethodTestDescriptor.java:214)
	at org.junit.platform.engine.support.hierarchical.ThrowableCollector.execute(ThrowableCollector.java:73)
	at org.junit.jupiter.engine.descriptor.TestMethodTestDescriptor.invokeTestMethod(TestMethodTestDescriptor.java:210)
	at org.junit.jupiter.engine.descriptor.TestMethodTestDescriptor.execute(TestMethodTestDescriptor.java:135)
	at org.junit.jupiter.engine.descriptor.TestMethodTestDescriptor.execute(TestMethodTestDescriptor.java:66)
	at org.junit.platform.engine.support.hierarchical.NodeTestTask.lambda$executeRecursively$6(NodeTestTask.java:151)
	at org.junit.platform.engine.support.hierarchical.ThrowableCollector.execute(ThrowableCollector.java:73)
	at org.junit.platform.engine.support.hierarchical.NodeTestTask.lambda$executeRecursively$8(NodeTestTask.java:141)
	at org.junit.platform.engine.support.hierarchical.Node.around(Node.java:137)
	at org.junit.platform.engine.support.hierarchical.NodeTestTask.lambda$executeRecursively$9(NodeTestTask.java:139)
	at org.junit.platform.engine.support.hierarchical.ThrowableCollector.execute(ThrowableCollector.java:73)
	at org.junit.platform.engine.support.hierarchical.NodeTestTask.executeRecursively(NodeTestTask.java:138)
	at org.junit.platform.engine.support.hierarchical.NodeTestTask.execute(NodeTestTask.java:95)
	at java.base/java.util.ArrayList.forEach(ArrayList.java:1511)
	at org.junit.platform.engine.support.hierarchical.SameThreadHierarchicalTestExecutorService.invokeAll(SameThreadHierarchicalTestExecutorService.java:41)
	at org.junit.platform.engine.support.hierarchical.NodeTestTask.lambda$executeRecursively$6(NodeTestTask.java:155)
	at org.junit.platform.engine.support.hierarchical.ThrowableCollector.execute(ThrowableCollector.java:73)
	at org.junit.platform.engine.support.hierarchical.NodeTestTask.lambda$executeRecursively$8(NodeTestTask.java:141)
	at org.junit.platform.engine.support.hierarchical.Node.around(Node.java:137)
	at org.junit.platform.engine.support.hierarchical.NodeTestTask.lambda$executeRecursively$9(NodeTestTask.java:139)
	at org.junit.platform.engine.support.hierarchical.ThrowableCollector.execute(ThrowableCollector.java:73)
	at org.junit.platform.engine.support.hierarchical.NodeTestTask.executeRecursively(NodeTestTask.java:138)
	at org.junit.platform.engine.support.hierarchical.NodeTestTask.execute(NodeTestTask.java:95)
	at java.base/java.util.ArrayList.forEach(ArrayList.java:1511)
	at org.junit.platform.engine.support.hierarchical.SameThreadHierarchicalTestExecutorService.invokeAll(SameThreadHierarchicalTestExecutorService.java:41)
	at org.junit.platform.engine.support.hierarchical.NodeTestTask.lambda$executeRecursively$6(NodeTestTask.java:155)
	at org.junit.platform.engine.support.hierarchical.ThrowableCollector.execute(ThrowableCollector.java:73)
	at org.junit.platform.engine.support.hierarchical.NodeTestTask.lambda$executeRecursively$8(NodeTestTask.java:141)
	at org.junit.platform.engine.support.hierarchical.Node.around(Node.java:137)
	at org.junit.platform.engine.support.hierarchical.NodeTestTask.lambda$executeRecursively$9(NodeTestTask.java:139)
	at org.junit.platform.engine.support.hierarchical.ThrowableCollector.execute(ThrowableCollector.java:73)
	at org.junit.platform.engine.support.hierarchical.NodeTestTask.executeRecursively(NodeTestTask.java:138)
	at org.junit.platform.engine.support.hierarchical.NodeTestTask.execute(NodeTestTask.java:95)
	at org.junit.platform.engine.support.hierarchical.SameThreadHierarchicalTestExecutorService.submit(SameThreadHierarchicalTestExecutorService.java:35)
	at org.junit.platform.engine.support.hierarchical.HierarchicalTestExecutor.execute(HierarchicalTestExecutor.java:57)
	at org.junit.platform.engine.support.hierarchical.HierarchicalTestEngine.execute(HierarchicalTestEngine.java:54)
	at org.junit.platform.launcher.core.EngineExecutionOrchestrator.execute(EngineExecutionOrchestrator.java:107)
	at org.junit.platform.launcher.core.EngineExecutionOrchestrator.execute(EngineExecutionOrchestrator.java:88)
	at org.junit.platform.launcher.core.EngineExecutionOrchestrator.lambda$execute$0(EngineExecutionOrchestrator.java:54)
	at org.junit.platform.launcher.core.EngineExecutionOrchestrator.withInterceptedStreams(EngineExecutionOrchestrator.java:67)
	at org.junit.platform.launcher.core.EngineExecutionOrchestrator.execute(EngineExecutionOrchestrator.java:52)
	at org.junit.platform.launcher.core.DefaultLauncher.execute(DefaultLauncher.java:114)
	at org.junit.platform.launcher.core.DefaultLauncher.execute(DefaultLauncher.java:86)
	at org.junit.platform.launcher.core.DefaultLauncherSession$DelegatingLauncher.execute(DefaultLauncherSession.java:86)
	at org.apache.maven.surefire.junitplatform.LazyLauncher.execute(LazyLauncher.java:55)
	at org.apache.maven.surefire.junitplatform.JUnitPlatformProvider.execute(JUnitPlatformProvider.java:223)
	at org.apache.maven.surefire.junitplatform.JUnitPlatformProvider.invokeAllTests(JUnitPlatformProvider.java:175)
	at org.apache.maven.surefire.junitplatform.JUnitPlatformProvider.invoke(JUnitPlatformProvider.java:139)
	at org.apache.maven.surefire.booter.ForkedBooter.runSuitesInProcess(ForkedBooter.java:456)
	at org.apache.maven.surefire.booter.ForkedBooter.execute(ForkedBooter.java:169)
	at org.apache.maven.surefire.booter.ForkedBooter.run(ForkedBooter.java:595)
	at org.apache.maven.surefire.booter.ForkedBooter.main(ForkedBooter.java:581)
]]></failure>
    <system-out><![CDATA[No Cloudflare challenge or different challenge type
]]></system-out>
  </testcase>
</testsuite>